<?xml version="1.0" encoding="UTF-8"?>
<!-- Generated by org.testng.reporters.JUnitReportReporter -->
<testsuite skipped="0" hostname="DESKTOP-8PDR25K" name="TestCases.TC_09" tests="1" failures="0" timestamp="2023-05-17T12:53:27 IST" time="17.010" errors="0">
  <testcase name="deleteLikedItems" time="17.010" classname="TestCases.TC_09"/>
  <system-out/>
</testsuite> <!-- TestCases.TC_09 -->
