<?xml version="1.0" encoding="UTF-8"?>
<!-- Generated by org.testng.reporters.JUnitReportReporter -->
<testsuite skipped="0" hostname="DESKTOP-8PDR25K" name="TestCases.TC_03" tests="1" failures="0" timestamp="2023-05-16T18:09:51 IST" time="18.745" errors="0">
  <testcase name="TestCase03" time="18.745" classname="TestCases.TC_03"/>
  <system-out/>
</testsuite> <!-- TestCases.TC_03 -->
