<?xml version="1.0" encoding="UTF-8"?>
<!-- Generated by org.testng.reporters.JUnitReportReporter -->
<testsuite skipped="0" hostname="DESKTOP-8PDR25K" name="TestCases.TC_14" tests="1" failures="0" timestamp="2023-05-16T18:49:40 IST" time="26.814" errors="0">
  <testcase name="TC_002" time="26.814" classname="TestCases.TC_14"/>
  <system-out>
User is able to see order is confirmed page  </system-out>
</testsuite> <!-- TestCases.TC_14 -->
