<?xml version="1.0" encoding="UTF-8"?>
<!-- Generated by org.testng.reporters.JUnitReportReporter -->
<testsuite skipped="0" hostname="DESKTOP-8PDR25K" name="TestCases.TC_04" tests="1" failures="0" timestamp="2023-05-16T18:21:15 IST" time="14.650" errors="0">
  <testcase name="address" time="14.650" classname="TestCases.TC_04"/>
  <system-out/>
</testsuite> <!-- TestCases.TC_04 -->
