<?xml version="1.0" encoding="UTF-8"?>
<!-- Generated by org.testng.reporters.JUnitReportReporter -->
<testsuite skipped="0" hostname="DESKTOP-8PDR25K" name="TestCases.TC_05" tests="1" failures="0" timestamp="2023-05-17T11:27:44 IST" time="7.302" errors="0">
  <testcase name="deliverablePincodes" time="7.302" classname="TestCases.TC_05"/>
  <system-out/>
</testsuite> <!-- TestCases.TC_05 -->
