<?xml version="1.0" encoding="UTF-8"?>
<!-- Generated by org.testng.reporters.JUnitReportReporter -->
<testsuite skipped="0" hostname="DESKTOP-8PDR25K" name="TestCases.TC_02" tests="1" failures="0" timestamp="2023-05-16T18:02:54 IST" time="21.810" errors="0">
  <testcase name="TestCase2" time="21.810" classname="TestCases.TC_02"/>
  <system-out/>
</testsuite> <!-- TestCases.TC_02 -->
