<?xml version="1.0" encoding="UTF-8"?>
<!-- Generated by org.testng.reporters.JUnitReportReporter -->
<testsuite skipped="0" hostname="DESKTOP-8PDR25K" name="TestCases.TC_07" tests="1" failures="0" timestamp="2023-05-17T12:11:45 IST" time="14.358" errors="0">
  <testcase name="trackOrder" time="14.358" classname="TestCases.TC_07"/>
  <system-out>
buy now Product is ordered nagivated to help center click on deliver order  </system-out>
</testsuite> <!-- TestCases.TC_07 -->
