<?xml version="1.0" encoding="UTF-8"?>
<!-- Generated by org.testng.reporters.JUnitReportReporter -->
<testsuite skipped="0" hostname="DESKTOP-8PDR25K" name="TestCases.TC_05" tests="1" failures="0" timestamp="2023-05-16T18:18:53 IST" time="15.896" errors="0">
  <testcase name="deliverablePincodes" time="15.896" classname="TestCases.TC_05"/>
  <system-out/>
</testsuite> <!-- TestCases.TC_05 -->
