<?xml version="1.0" encoding="UTF-8"?>
<!-- Generated by org.testng.reporters.JUnitReportReporter -->
<testsuite skipped="0" hostname="DESKTOP-8PDR25K" name="TestCases.TC_10" tests="1" failures="0" timestamp="2023-05-16T18:22:09 IST" time="15.670" errors="0">
  <testcase name="addViewLikes" time="15.670" classname="TestCases.TC_10"/>
  <system-out/>
</testsuite> <!-- TestCases.TC_10 -->
